PRT1
132
326
4 0 59 (3096 0 1496 ) (0 0 1496 ) (0 0 504 ) (3096 0 504 ) 
4 0 58 (0 0 504 ) (0 0 1496 ) (0 2864 1496 ) (0 2864 504 ) 
4 0 29 (0 0 504 ) (0 376 504 ) (227.199997 376 504 ) (227.199997 0 504 ) 
4 0 25 (231.991821 0 504 ) (227.199997 0 504 ) (227.199997 255.998550 504 ) (231.991821 255.998550 504 ) 
4 0 24 (227.199997 376 504 ) (242.507996 376 504 ) (242.507996 255.998566 504 ) (227.199997 255.998550 504 ) 
4 0 16 (242.507996 376 504 ) (248.411987 376 504 ) (248.412094 255.998550 504 ) (242.507996 255.998550 504 ) 
4 0 11 (248.411987 376 504 ) (640.001465 376 504 ) (640.001465 255.998550 504 ) (248.412094 255.998550 504 ) 
4 0 8 (1752 376 504 ) (3096 376 504 ) (3096 0 504 ) (1752 0 504 ) 
3 0 5 (0 376 504 ) (0 1779.320801 504 ) (1315.613281 376 504 ) 
4 0 3 (3096 704.002930 504 ) (3096 376 504 ) (1752 376 504 ) (1752 704.003052 504 ) 
4 0 2 (1328 376 504 ) (1315.613281 376 504 ) (1008.110413 704.003052 504 ) (1328 704.003052 504 ) 
5 0 1 (0 1779.320801 504 ) (0 2864 504 ) (3096 2864 504 ) (3096 704.002930 504 ) (1008.110413 704.003052 504 ) 
4 1 58 (0 1779.320923 504 ) (0 2864 504 ) (0 2864 320 ) (0 1779.320313 320 ) 
5 1 39 (0 1779.320923 320 ) (0 2864 320 ) (1216 2864 320 ) (1216 824.006958 320 ) (895.606445 824.006958 320 ) 
4 1 35 (1216 2864 320 ) (1864 2864 320 ) (1864 824.006897 320 ) (1216 824.006958 320 ) 
4 1 34 (1864 2864 320 ) (1872 2864 320 ) (1872 824.006897 320 ) (1864 824.006897 320 ) 
4 1 33 (1872 2864 320 ) (3096 2864 320 ) (3096 824.006836 320 ) (1872 824.006897 320 ) 
4 1 5 (0 1779.312500 320 ) (895.612366 824.006836 320 ) (1008.122131 704.003052 504 ) (0 1779.333374 504 ) 
4 1 3 (3096 823.975220 320 ) (3096 703.971436 504 ) (1752 703.971375 504 ) (1872 823.975220 320 ) 
4 1 2 (1328 703.971375 504 ) (1008.145874 703.971375 504 ) (895.642578 823.975220 320 ) (1208 823.975220 320 ) 
4 2 40 (1195.612915 504 320 ) (895.606445 824.006958 320 ) (1208 824.006958 320 ) (1208 504 320 ) 
4 2 5 (895.612366 824.006836 320 ) (1195.623169 504 320 ) (1315.625000 376 504 ) (1008.122131 704.003052 504 ) 
4 2 4 (1209.205444 511.716766 321.839996 ) (1209.198608 819.520020 321.839996 ) (1326.798706 701.919983 502.160004 ) (1326.805176 386.277283 502.160004 ) 
4 3 33 (3096 824.006836 320 ) (3096 376 320 ) (1872 376 320 ) (1872 824.006897 320 ) 
4 3 19 (1872 376 320 ) (3096 376 320 ) (3096 376 321.839996 ) (1870.800049 376 321.839996 ) 
4 3 10 (3096 376 321.839996 ) (3096 376 502.160004 ) (1753.200073 376 502.160004 ) (1870.800049 376 321.839996 ) 
4 3 8 (3096 376 502.160004 ) (3096 376 504 ) (1752 376 504 ) (1753.200073 376 502.160004 ) 
4 4 9 (1736.812012 376 502.160004 ) (1336.439819 376 502.160004 ) (1336.439087 376 321.839996 ) (1854.412109 376 321.839996 ) 
4 5 58 (0 376 504 ) (0 1779.320923 504 ) (0 1779.320313 320 ) (0 504 320 ) 
4 5 40 (0 504 320 ) (0 824 320 ) (895.613037 824 320 ) (1195.612793 504 320 ) 
3 5 39 (0 824 320 ) (0 1779.320923 320 ) (895.613037 824 320 ) 
4 5 6 (0 504 320 ) (520 504 320 ) (640.001465 376 504 ) (0 376 504 ) 
3 6 58 (0 376 504 ) (0 504 320 ) (0 376 320 ) 
4 6 44 (112 504 320 ) (120 504 320 ) (120 376 320 ) (112 376 320 ) 
4 6 45 (0 376 320 ) (0 504 320 ) (112 504 320 ) (112 376 320 ) 
4 6 42 (120 504 320 ) (520 504 320 ) (520 376 320 ) (120 376 320 ) 
4 6 32 (111.991898 376 320 ) (227.199997 376 320 ) (227.199997 376 321.839996 ) (113.191895 376 321.839996 ) 
4 6 31 (0 376 320 ) (111.991898 376 320 ) (113.191895 376 321.839996 ) (0 376 321.839996 ) 
4 6 30 (227.199997 376 471.474915 ) (227.199997 376 496.652527 ) (113.191895 376 321.839996 ) (129.612015 376 321.839996 ) 
5 6 29 (227.199997 376 496.652527 ) (227.199997 376 504 ) (0 376 504 ) (0 376 321.839996 ) (113.191895 376 321.839996 ) 
3 6 27 (227.199997 376 321.839996 ) (227.199997 376 471.474915 ) (129.612015 376 321.839996 ) 
4 6 26 (227.199997 376 320 ) (242.507996 376 320 ) (242.507996 376 323.643158 ) (227.199997 376 323.643158 ) 
4 6 24 (242.507996 376 494.947205 ) (242.507996 376 504 ) (227.199997 376 504 ) (227.199997 376 471.474915 ) 
4 6 22 (242.507996 376 323.643158 ) (242.507996 376 494.947205 ) (227.199997 376 471.474915 ) (227.199997 376 323.643158 ) 
4 6 18 (242.507996 376 320 ) (520 376 320 ) (521.200012 376 321.839996 ) (242.507996 376 321.839996 ) 
3 6 16 (248.411987 376 504 ) (242.507996 376 504 ) (242.507996 376 494.947205 ) 
5 6 11 (521.200012 376 321.839996 ) (640.001465 376 504 ) (248.411987 376 504 ) (242.507996 376 494.947205 ) (242.507996 376 321.839996 ) 
5 7 12 (1315.613159 376 321.839996 ) (1315.612793 376 480.639557 ) (1314.209839 376 480.774017 ) (638.529968 376 480.769989 ) (534.880005 376 321.839996 ) 
4 8 60 (3096 0 504 ) (1752 0 504 ) (1753.200073 0 502.160004 ) (3096 0 502.160004 ) 
4 8 10 (1753.200073 376 502.160004 ) (3096 376 502.160004 ) (3096 0 502.160004 ) (1753.200073 0 502.160004 ) 
4 9 61 (1334 0 502.160004 ) (1334 0 321.839996 ) (1854.412109 0 321.839996 ) (1736.812134 0 502.160004 ) 
4 9 17 (1334 361.119995 321.839996 ) (1334 0 321.839996 ) (1334 0 502.160004 ) (1334 243.519958 502.160004 ) 
3 9 15 (1334 248 495.290588 ) (1334 243.519958 502.160004 ) (1334 248 502.160004 ) 
5 9 13 (1334 374.799988 321.839996 ) (1334 361.119995 321.839996 ) (1334 248 495.290588 ) (1334 248 502.160004 ) (1334 257.198547 502.160004 ) 
5 9 12 (1334 376 480.774170 ) (1334 376 321.839996 ) (1334 374.799988 321.839996 ) (1334 257.198547 502.160004 ) (1334 361.122864 502.160004 ) 
4 10 62 (1870.800049 0 321.839996 ) (3096 0 321.839996 ) (3096 0 502.160004 ) (1753.200073 0 502.160004 ) 
4 10 21 (3096 0 321.839996 ) (1870.799927 0 321.839996 ) (1870.800049 361.119995 321.839996 ) (3096 361.119995 321.839996 ) 
4 10 19 (1870.800049 361.119995 321.839996 ) (1870.800049 376 321.839996 ) (3096 376 321.839996 ) (3096 361.119995 321.839996 ) 
4 11 26 (242.507996 376 323.643158 ) (242.507996 376 321.839996 ) (242.507996 374.799988 321.839996 ) (242.507996 373.623993 323.643158 ) 
4 11 22 (242.507996 376 494.947205 ) (242.507996 376 323.643158 ) (242.507996 373.623993 323.643158 ) (242.507996 261.902588 494.947205 ) 
4 11 18 (242.507996 374.799988 321.839996 ) (242.507996 376 321.839996 ) (521.199951 376 321.839996 ) (521.199951 374.799988 321.839996 ) 
4 11 16 (242.507996 376 494.928589 ) (242.507996 261.914734 494.928589 ) (248.424103 255.998520 504 ) (248.424194 376 504 ) 
3 12 14 (648 261.669312 495.290710 ) (534.880005 374.791077 321.839996 ) (648 374.794098 321.839996 ) 
5 12 13 (1334 374.812500 321.839996 ) (1334 257.190826 502.160004 ) (652.479980 257.189270 502.160004 ) (648 261.669312 495.290710 ) (648 374.794098 321.839996 ) 
4 13 17 (648 361.187469 321.839996 ) (1334 361.187500 321.839996 ) (1334 248 495.394135 ) (648 248 495.382751 ) 
4 13 15 (648.014221 248 495.312500 ) (1334 248 495.312469 ) (1334 248 502.160004 ) (652.480042 248 502.160004 ) 
5 13 14 (648 361.062500 321.839996 ) (648 248 495.250000 ) (648 248 495.290680 ) (648 261.730072 495.290649 ) (648 374.851410 321.839996 ) 
3 14 17 (534.880005 361.187469 321.839996 ) (648 361.187469 321.839996 ) (648 248.060059 495.290680 ) 
4 15 17 (1334 248 495.394135 ) (1334 243.587479 502.160004 ) (648 243.579727 502.160004 ) (648 248 495.382751 ) 
4 16 24 (242.507996 376 504 ) (242.507996 376 494.947205 ) (242.507996 261.902588 494.947205 ) (242.507996 255.998550 504 ) 
5 17 75 (242.507996 0 494.947205 ) (242.507996 0 321.839996 ) (1211.531982 0 321.839996 ) (1211.531982 0 502.160004 ) (247.212036 0 502.160004 ) 
4 17 61 (1212 0 321.839996 ) (1334 0 321.839996 ) (1334 0 502.160004 ) (1212 0 502.160004 ) 
4 17 64 (1211.531982 0 321.839996 ) (1212 0 321.839996 ) (1212 0 502.160004 ) (1211.531982 0 502.160004 ) 
4 17 23 (242.507996 0 323.643158 ) (242.507996 0 494.947205 ) (242.507996 248.223984 494.947205 ) (242.507996 359.944031 323.643158 ) 
4 17 20 (1212 0 321.839996 ) (1211.531982 0 321.839996 ) (1211.531982 361.119995 321.839996 ) (1212 361.119995 321.839996 ) 
3 18 26 (242.507996 376 321.839996 ) (242.507996 376 320 ) (242.507996 374.799988 321.839996 ) 
4 19 33 (1872 376 320 ) (3096 376 320 ) (3096 362.319977 320 ) (1872 362.319977 320 ) 
4 19 21 (3096 361.156342 321.839996 ) (1870.800049 361.156311 321.839996 ) (1872 362.356293 320 ) (3096 362.356323 320 ) 
4 20 64 (1212 0 321.839996 ) (1211.531982 0 321.839996 ) (1211.531982 0 320 ) (1212 0 320 ) 
4 20 43 (1212 0 320 ) (1211.531982 0 320 ) (1211.531982 361.112488 320 ) (1212 361.112488 320 ) 
4 21 63 (3096 0 321.839996 ) (1870.800049 0 321.839996 ) (1872 0 320 ) (3096 0 320 ) 
4 21 33 (3096 0 320 ) (1872 0 320 ) (1872 362.319977 320 ) (3096 362.319977 320 ) 
4 22 27 (227.199997 376 471.474915 ) (227.199997 376 323.643158 ) (227.199997 373.623962 323.643158 ) (227.199997 277.210785 471.474915 ) 
4 22 26 (227.199997 373.623993 323.643158 ) (227.199997 376 323.643158 ) (242.507996 376 323.643158 ) (242.507996 373.623962 323.643158 ) 
4 22 24 (227.199997 376 471.437408 ) (227.199997 277.235260 471.437408 ) (242.507996 261.918060 494.923553 ) (242.507996 376 494.923553 ) 
4 23 76 (227.199997 0 471.474915 ) (227.199997 0 323.643158 ) (242.507996 0 323.643158 ) (242.507996 0 494.947205 ) 
4 23 28 (227.199997 359.944000 323.643158 ) (227.199997 0 323.643158 ) (227.199997 0 471.474915 ) (227.199997 263.531982 471.474915 ) 
4 24 30 (227.199997 376 496.652527 ) (227.199997 376 471.474915 ) (227.199997 277.210785 471.474915 ) (227.199997 260.790436 496.652527 ) 
4 24 29 (227.199997 376 504 ) (227.199997 376 496.652527 ) (227.199997 260.790436 496.652527 ) (227.199997 255.998550 504 ) 
3 24 25 (227.199997 256 504 ) (227.199997 260.791779 496.652527 ) (231.991821 256 504 ) 
3 25 79 (231.991821 0 504 ) (227.199997 0 504 ) (227.199997 0 496.652527 ) 
4 25 29 (227.199997 0 496.652527 ) (227.199997 0 504 ) (227.199997 255.998550 504 ) (227.199997 260.790436 496.652527 ) 
3 26 32 (227.199997 376 321.839996 ) (227.199997 376 320 ) (227.199997 374.799957 321.839996 ) 
4 26 27 (227.199997 376 323.643158 ) (227.199997 376 321.839996 ) (227.199997 374.799957 321.839996 ) (227.199997 373.623962 323.643158 ) 
4 27 32 (129.612015 376 321.839996 ) (227.199997 376 321.839996 ) (227.199997 374.799988 321.839996 ) (129.612015 374.799988 321.839996 ) 
4 27 30 (129.593735 376 321.839996 ) (129.593735 374.799988 321.839996 ) (227.199997 277.209106 471.477509 ) (227.199997 376 471.477509 ) 
3 28 86 (227.199997 0 323.643158 ) (227.199997 0 471.474915 ) (130.787994 0 323.643158 ) 
5 29 88 (227.199997 0 504 ) (0 0 504 ) (0 0 321.839996 ) (113.191895 0 321.839996 ) (227.199997 0 496.652527 ) 
4 29 58 (0 0 321.839996 ) (0 0 504 ) (0 376 504 ) (0 376 321.839996 ) 
4 29 31 (0 0 321.839996 ) (0 376 321.839996 ) (113.191895 376 321.839996 ) (113.191895 0 321.839996 ) 
4 29 30 (113.125000 374.800018 321.839996 ) (113.125000 376 321.839996 ) (227.199997 376 496.721283 ) (227.199997 260.745575 496.721283 ) 
4 30 32 (113.191895 376 321.839996 ) (129.612015 376 321.839996 ) (129.612015 374.799988 321.839996 ) (113.191895 374.800018 321.839996 ) 
4 31 94 (0 0 321.839996 ) (0 0 320 ) (111.991898 0 320 ) (113.191895 0 321.839996 ) 
4 31 58 (0 0 320 ) (0 0 321.839996 ) (0 376 321.839996 ) (0 376 320 ) 
4 31 45 (111.991890 0 320 ) (0 0 320 ) (0 376 320 ) (111.991898 376 320 ) 
3 31 32 (111.937500 376 320 ) (113.125000 376 321.839996 ) (113.125000 374.799988 321.839996 ) 
4 33 96 (3096 0 320 ) (1872 0 320 ) (1872 0 160 ) (3096 0 160 ) 
4 33 46 (3096 0 160 ) (1872 0 160 ) (1872 2864 160 ) (3096 2864 160 ) 
4 33 34 (1872 2864 320 ) (1872 2864 160 ) (1872 824 160 ) (1872 824 320 ) 
4 34 47 (1864 824 160 ) (1864 2864 160 ) (1872 2864 160 ) (1872 824 160 ) 
4 34 35 (1864 2864 160 ) (1864 824 160 ) (1864 824 320 ) (1864 2864 320 ) 
4 35 48 (1864 2864 160 ) (1864 824 160 ) (1216 824 160 ) (1216 2864 160 ) 
4 35 39 (1216 2864 160 ) (1216 824 160 ) (1216 824 320 ) (1216 2864 320 ) 
4 36 97 (1864 0 320 ) (1528 0 320 ) (1528 0 167.985962 ) (1864 0 167.985962 ) 
4 36 37 (1528 816 320 ) (1528 816 167.985962 ) (1528 0 167.985962 ) (1528 0 320 ) 
4 37 98 (1528 0 320 ) (1216 0 320 ) (1216 0 168 ) (1528 0 168 ) 
4 37 43 (1216 0 168 ) (1216 0 320 ) (1216 368 320 ) (1216 368 168 ) 
4 37 41 (1216 368 320 ) (1216 496 320 ) (1216 496 168 ) (1216 368 168 ) 
4 37 38 (1216 368 168 ) (1216 376 168 ) (1528 376 168 ) (1528 368 168 ) 
4 38 49 (1216 368 160 ) (1216 376 160 ) (1528 376 160 ) (1528 368 160 ) 
4 39 58 (0 824 320 ) (0 2864 320 ) (0 2864 160 ) (0 824 160 ) 
4 39 53 (0 824 160 ) (0 2864 160 ) (528 2864 160 ) (528 824 160 ) 
4 39 50 (1208 2864 160 ) (1216 2864 160 ) (1216 824 160 ) (1208 824 160 ) 
4 39 51 (528 2864 160 ) (1208 2864 160 ) (1208 824 160 ) (528 824 160 ) 
4 39 40 (0 824 160 ) (1208 824 160 ) (1208 824 320 ) (0 824 320 ) 
4 40 58 (0 504 320 ) (0 824 320 ) (0 824 160 ) (0 504 160 ) 
4 40 53 (0 504 160 ) (0 824 160 ) (528 824 160 ) (528 504 160 ) 
4 40 51 (528 824 160 ) (1208 824 160 ) (1208 504 160 ) (528 504 160 ) 
4 40 44 (112 504 160 ) (120 504 160 ) (120 504 320 ) (112 504 320 ) 
4 40 45 (0 504 160 ) (112 504 160 ) (112 504 320 ) (0 504 320 ) 
4 40 42 (120 504 160 ) (520 504 160 ) (520 504 320 ) (120 504 320 ) 
4 41 43 (1216 368 168 ) (1216 368 320 ) (528 368 320 ) (528 368 168 ) 
4 42 54 (120 504 160 ) (520 504 160 ) (520 376 160 ) (120 376 160 ) 
4 42 44 (120 504 320 ) (120 504 160 ) (120 376 160 ) (120 376 320 ) 
4 43 98 (1216 0 320 ) (120 0 320 ) (120 0 168 ) (1216 0 168 ) 
4 44 54 (112 504 160 ) (120 504 160 ) (120 376 160 ) (112 376 160 ) 
4 44 45 (112 504 320 ) (112 504 160 ) (112 376 160 ) (112 376 320 ) 
4 45 100 (112 0 320 ) (0 0 320 ) (0 0 160 ) (112 0 160 ) 
4 45 58 (0 0 160 ) (0 0 320 ) (0 504 320 ) (0 504 160 ) 
4 45 57 (0 0 160 ) (0 376 160 ) (112 376 160 ) (112 0 160 ) 
4 45 54 (0 376 160 ) (0 504 160 ) (112 504 160 ) (112 376 160 ) 
4 46 105 (3096 0 160 ) (1872 0 160 ) (1872 0 0 ) (3096 0 0 ) 
4 46 47 (1872 2864 160 ) (1872 2864 0 ) (1872 824 0 ) (1872 824 160 ) 
4 47 48 (1864 2864 160 ) (1864 2864 0 ) (1864 824 0 ) (1864 824 160 ) 
4 48 50 (1216 2864 0 ) (1216 824 0 ) (1216 824 160 ) (1216 2864 160 ) 
4 49 106 (1864 0 160 ) (1216 0 160 ) (1216 0 0 ) (1864 0 0 ) 
4 49 52 (1216 496 0 ) (1216 0 0 ) (1216 0 160 ) (1216 496 160 ) 
4 50 51 (1208 2864 160 ) (1208 2864 0 ) (1208 824 0 ) (1208 824 160 ) 
4 51 53 (528 2864 0 ) (528 504 0 ) (528 504 160 ) (528 2864 160 ) 
4 52 106 (1216 0 160 ) (528 0 160 ) (528 0 0 ) (1216 0 0 ) 
4 52 56 (528 168 0 ) (528 0 0 ) (528 0 160 ) (528 168 160 ) 
4 52 55 (528 368 0 ) (528 176 0 ) (528 176 160 ) (528 368 160 ) 
4 53 58 (0 504 160 ) (0 2864 160 ) (0 2864 0 ) (0 504 0 ) 
4 53 54 (0 504 0 ) (520 504 0 ) (520 504 160 ) (0 504 160 ) 
4 54 58 (0 376 160 ) (0 504 160 ) (0 504 0 ) (0 376 0 ) 
4 54 57 (0 376 0 ) (112 376 0 ) (112 376 160 ) (0 376 160 ) 
4 56 106 (528 0 160 ) (120 0 160 ) (120 0 0 ) (528 0 0 ) 
4 57 107 (112 0 160 ) (0 0 160 ) (0 0 0 ) (112 0 0 ) 
4 57 58 (0 0 0 ) (0 0 160 ) (0 376 160 ) (0 376 0 ) 
4 58 131 (-248 0 160 ) (-2936 0 160 ) (-2936 0 0 ) (-248 0 0 ) 
4 58 128 (0 0 0 ) (0 0 160 ) (-248 0 160 ) (-248 0 0 ) 
4 58 123 (-248 0 320 ) (-2936 0 320 ) (-2936 0 160 ) (-248 0 160 ) 
4 58 122 (0 0 160 ) (0 0 320 ) (-248 0 320 ) (-248 0 160 ) 
4 58 114 (0 0 320 ) (0 0 504 ) (-2936 0 504 ) (-2936 0 320 ) 
4 58 113 (0 0 504 ) (0 0 1496 ) (-2936 0 1496 ) (-2936 0 504 ) 
4 59 113 (0 0 1496 ) (0 0 504 ) (0 -3168 504 ) (0 -3168 1496 ) 
4 59 88 (0 -992 504 ) (0 0 504 ) (227.199997 0 504 ) (227.199997 -992 504 ) 
3 59 80 (234.478470 -994.480042 504 ) (231.997421 -991.998962 504 ) (237.579788 -994.479980 504 ) 
4 59 79 (227.199997 0 504 ) (231.991821 0 504 ) (231.991821 -991.993347 504 ) (227.199997 -987.201477 504 ) 
3 59 77 (227.199997 -994.479980 504 ) (227.199997 -987.201477 504 ) (234.478470 -994.479980 504 ) 
4 59 71 (0 -3168 504 ) (0 -1120 504 ) (1211.531982 -1120 504 ) (1211.531982 -3168 504 ) 
4 59 70 (1752 -1120 504 ) (1735.612061 -1120 504 ) (1735.612061 -768 504 ) (1752 -768 504 ) 
4 59 68 (1735.612061 -1120 504 ) (1408 -1120 504 ) (1408 -768 504 ) (1735.612061 -768 504 ) 
4 59 66 (3096 -760 504 ) (3096 -1120 504 ) (1752 -1120 504 ) (1752 -760 504 ) 
4 59 65 (3096 -1120 504 ) (3096 -3168 504 ) (1211.531982 -3168 504 ) (1211.531982 -1120 504 ) 
4 59 60 (1752 0 504 ) (3096 0 504 ) (3096 -760 504 ) (1752 -760 504 ) 
4 60 66 (1753.200073 -760 502.160004 ) (3096 -760 502.160004 ) (3096 -760 504 ) (1752 -760 504 ) 
4 60 62 (3096 0 502.160004 ) (3096 -760 502.160004 ) (1753.200073 -760 502.160004 ) (1753.200073 0 502.160004 ) 
4 61 67 (1736.812134 -760 502.160004 ) (1212 -760 502.160004 ) (1212 -760 321.839996 ) (1854.412109 -760 321.839996 ) 
4 61 64 (1212 -760 321.839996 ) (1212 -760 502.160004 ) (1212 0 502.160004 ) (1212 0 321.839996 ) 
4 62 66 (3096 -760 321.839996 ) (3096 -760 502.160004 ) (1753.200073 -760 502.160004 ) (1870.800049 -760 321.839996 ) 
4 62 63 (1870.800049 0 321.839996 ) (3096 0 321.839996 ) (3096 -760 321.839996 ) (1870.800049 -760 321.839996 ) 
4 63 96 (1872 0 320 ) (3096 0 320 ) (3096 -760 320 ) (1872 -760 320 ) 
4 63 66 (1872 -760 320 ) (3096 -760 320 ) (3096 -760 321.839996 ) (1870.800049 -760 321.839996 ) 
4 64 98 (1211.531982 -760 320 ) (1211.531982 0 320 ) (1212 0 320 ) (1212 -760 320 ) 
4 64 75 (1211.531982 -760 321.839996 ) (1211.531982 -760 502.160004 ) (1211.531982 0 502.160004 ) (1211.531982 0 321.839996 ) 
4 64 67 (1211.531982 -760 502.160004 ) (1211.531982 -760 321.839996 ) (1212 -760 321.839996 ) (1212 -760 502.160004 ) 
4 65 104 (1211.531982 -3168 320 ) (1211.531982 -1240 320 ) (3096 -1240 320 ) (3096 -3168 320 ) 
4 65 90 (1211.531982 -1240 320 ) (1211.531982 -3168 320 ) (1211.531982 -3168 321.839996 ) (1211.531982 -1238.800171 321.839996 ) 
4 65 71 (1211.531982 -3168 321.839996 ) (1211.531982 -3168 504 ) (1211.531982 -1120 504 ) (1211.531982 -1238.800171 321.839996 ) 
4 65 70 (1872 -1240 320 ) (1855.612061 -1240 320 ) (1735.612061 -1120 504 ) (1752 -1120 504 ) 
4 65 68 (1855.612061 -1240 320 ) (1528 -1240 320 ) (1408 -1120 504 ) (1735.612061 -1120 504 ) 
4 65 66 (3096 -1120 504 ) (3096 -1240 320 ) (1872 -1240 320 ) (1752 -1120 504 ) 
4 66 101 (3096 -880 320 ) (3096 -1240 320 ) (1872 -1240 320 ) (1872 -880 320 ) 
4 66 96 (1872 -760 320 ) (3096 -760 320 ) (3096 -880 320 ) (1872 -880 320 ) 
4 66 70 (1872.032959 -1240.032715 320 ) (1752.032959 -1120.032715 504 ) (1752.032959 -768 504 ) (1872.032959 -888 320 ) 
3 67 75 (1211.531982 -877.599976 321.839996 ) (1211.531982 -760 502.160004 ) (1211.531982 -760 321.839996 ) 
4 67 69 (1399.646729 -760 502.229248 ) (1211.531982 -760 502.229248 ) (1211.531982 -877.645142 321.839996 ) (1517.291992 -877.645142 321.839996 ) 
4 68 102 (1855.612061 -888 320 ) (1855.612061 -1240 320 ) (1528 -1240 320 ) (1528 -888 320 ) 
4 68 70 (1735.646729 -1119.959229 504 ) (1855.646729 -1239.959229 320 ) (1855.647095 -888 320 ) (1735.647217 -768 504 ) 
4 69 75 (1211.531982 -1104.959717 502.160004 ) (1211.531982 -760 502.160004 ) (1211.531982 -877.599976 321.839996 ) (1211.531982 -1222.559570 321.839996 ) 
4 70 102 (1872 -888 320 ) (1872 -1240 320 ) (1855.612061 -1240 320 ) (1855.612061 -888 320 ) 
4 71 116 (0 -1238.800049 321.839996 ) (0 -3168 321.839996 ) (0 -3168 504 ) (0 -1120 504 ) 
4 71 95 (0 -3168 321.839996 ) (0 -1238.799805 321.839996 ) (227.199997 -1238.799805 321.839996 ) (227.199997 -3168 321.839996 ) 
4 71 92 (227.199997 -1238.799805 321.839996 ) (242.507996 -1238.799805 321.839996 ) (242.507996 -3168 321.839996 ) (227.199997 -3168 321.839996 ) 
4 71 91 (242.507996 -1238.799805 321.839996 ) (247.212006 -1238.799805 321.839996 ) (247.212006 -3168 321.839996 ) (242.507996 -3168 321.839996 ) 
4 71 90 (247.212006 -1238.799805 321.839996 ) (1211.531982 -1238.800049 321.839996 ) (1211.531982 -3168 321.839996 ) (247.212006 -3168 321.839996 ) 
4 72 75 (247.212006 -1005.098999 494.324402 ) (247.212006 -999.988770 502.160004 ) (483.450623 -1104.959961 502.160004 ) (483.426483 -1208.491333 343.412079 ) 
4 72 74 (483.423187 -1222.560059 321.839996 ) (247.212006 -1117.590454 321.839996 ) (247.212006 -1005.098999 494.324402 ) (483.426483 -1208.491333 343.412079 ) 
4 72 73 (247.212006 -1104.960205 502.160004 ) (247.212006 -1000 502.160004 ) (247.212006 -1117.601440 321.839996 ) (247.212006 -1222.560303 321.839996 ) 
4 73 91 (242.507996 -1236.319824 321.839996 ) (242.507996 -1115.471680 321.839996 ) (247.212006 -1117.562256 321.839996 ) (247.212006 -1236.319824 321.839996 ) 
4 73 84 (242.507996 -1115.471558 321.839996 ) (242.507996 -1236.319824 321.839996 ) (242.507996 -1235.143799 323.643158 ) (242.507996 -1114.295532 323.643158 ) 
3 73 83 (242.507996 -1001.048645 502.160004 ) (242.507996 -997.870300 502.160004 ) (242.507996 -1001.048645 497.286560 ) 
4 73 82 (242.507996 -1002.509583 502.160004 ) (242.507996 -1001.048645 502.160004 ) (242.507996 -1001.048645 497.286560 ) (242.507996 -1002.509460 495.046722 ) 
5 73 78 (242.507996 -1123.423950 494.947205 ) (242.507996 -1118.719971 502.160004 ) (242.507996 -1002.509583 502.160004 ) (242.507996 -1002.509460 495.046722 ) (242.507996 -1002.574341 494.947205 ) 
4 73 76 (242.507996 -1235.143799 323.643158 ) (242.507996 -1123.423950 494.947205 ) (242.507996 -1002.574341 494.947205 ) (242.507996 -1114.295532 323.643158 ) 
3 73 75 (247.212006 -999.988770 502.160004 ) (247.212006 -1005.098999 494.324402 ) (243.604904 -1001.993103 496.629089 ) 
4 73 74 (247.212006 -1117.590454 321.839996 ) (242.507996 -1115.500000 321.839996 ) (242.507996 -1001.048584 497.329956 ) (247.212006 -1005.098999 494.324402 ) 
4 74 91 (247.212006 -1117.562256 321.839996 ) (242.507996 -1115.471680 321.839996 ) (242.507996 -1001.048645 321.839996 ) (247.212006 -1005.099060 321.839996 ) 
4 74 85 (242.507996 -1001.048645 321.839996 ) (242.507996 -1002.508118 321.839996 ) (242.507996 -1002.508118 323.643158 ) (242.507996 -1001.048645 323.643158 ) 
4 74 84 (242.507996 -1002.508118 321.839996 ) (242.507996 -1115.471558 321.839996 ) (242.507996 -1114.295532 323.643158 ) (242.507996 -1002.508118 323.643158 ) 
3 74 82 (242.507996 -1002.574341 494.947205 ) (242.507996 -1001.048706 497.286499 ) (242.507996 -1001.048706 494.947174 ) 
4 74 76 (242.507996 -1114.295532 323.643158 ) (242.507996 -1002.574341 494.947205 ) (242.507996 -1001.048706 494.947174 ) (242.507996 -1001.048645 323.643158 ) 
5 74 75 (483.410156 -1208.508911 343.350342 ) (499.702454 -1222.537354 321.839996 ) (242.507996 -1001.064209 321.839996 ) (242.507996 -1001.064209 494.947205 ) (243.565353 -1001.974731 496.568481 ) 
4 75 76 (242.507996 -1001.048645 323.643158 ) (242.507996 -1001.048706 494.947205 ) (242.507996 0 494.947205 ) (242.507996 0 323.643158 ) 
4 76 89 (227.199997 -1138.732056 471.474915 ) (227.199997 -973.269226 471.474915 ) (227.199997 -876.856079 323.643158 ) (227.199997 -1235.143921 323.643158 ) 
5 76 86 (227.199997 -959.507935 471.474915 ) (227.199997 0 471.474915 ) (227.199997 0 323.643158 ) (227.199997 -874.375916 323.643158 ) (227.199997 -959.507935 454.178894 ) 
3 76 85 (242.507996 -1001.048645 323.643158 ) (242.507996 -1002.508118 323.643158 ) (232 -992 323.643158 ) 
4 76 84 (227.199997 -1235.144043 323.643158 ) (227.199997 -987.200073 323.643158 ) (242.507996 -1002.508118 323.643158 ) (242.507996 -1235.143921 323.643158 ) 
3 76 82 (231.991074 -991.992432 478.768005 ) (242.507996 -1002.509460 494.892334 ) (242.507996 -1001.048706 494.892334 ) 
4 76 78 (227.199997 -987.201294 471.422424 ) (227.199997 -1138.766235 471.422424 ) (242.507996 -1123.459839 494.892334 ) (242.507996 -1002.509460 494.892334 ) 
4 77 88 (227.199997 -992 504 ) (227.199997 -987.201538 504 ) (227.199997 -987.201538 502.160004 ) (227.199997 -990.799927 502.160004 ) 
4 77 81 (233.287231 -993.280090 502.160004 ) (232.051147 -992.044128 502.160004 ) (232.051132 -992.044067 503.967377 ) (233.603561 -993.596375 502.645020 ) 
3 77 80 (232.012833 -992.005798 504 ) (234.487259 -994.479980 504 ) (233.603561 -993.596375 502.645020 ) 
4 77 79 (230.791840 -990.784912 502.160004 ) (227.199997 -987.193359 502.160004 ) (227.199997 -987.193359 504 ) (231.991837 -991.984802 504 ) 
3 77 78 (227.199997 -993.280090 502.160004 ) (227.199997 -987.250000 502.160004 ) (233.253006 -993.280090 502.160004 ) 
5 78 89 (227.199997 -1118.719971 502.160004 ) (227.199997 -993.281494 502.160004 ) (227.199997 -987.201416 492.837463 ) (227.199997 -987.201233 471.474915 ) (227.199997 -1138.732056 471.474915 ) 
3 78 88 (227.199997 -990.799927 502.160004 ) (227.199997 -987.201538 502.160004 ) (227.199997 -987.201477 496.642395 ) 
4 78 82 (242.507996 -1002.500061 502.160004 ) (242.507996 -1002.500000 494.875000 ) (232.052795 -992.045532 478.846924 ) (232.051086 -992.044067 502.160004 ) 
3 78 79 (227.199997 -987.193298 496.652527 ) (227.199997 -987.193359 502.160004 ) (230.791840 -990.784912 502.160004 ) 
4 79 88 (227.199997 -987.201538 504 ) (227.199997 0 504 ) (227.199997 0 496.652527 ) (227.199997 -987.201477 496.652527 ) 
3 80 81 (233.613159 -993.590515 502.636047 ) (231.996735 -991.998352 503.975830 ) (233.928452 -993.660645 502.743622 ) 
3 82 83 (234.696899 -994.398682 502.160004 ) (242.507996 -1001.124878 502.160004 ) (242.507996 -1001.124878 497.169708 ) 
4 84 92 (242.507996 -1002.508057 321.839996 ) (242.507996 -1236.319824 321.839996 ) (227.199997 -1236.319824 321.839996 ) (227.199997 -987.200073 321.839996 ) 
4 84 89 (227.199997 -987.200073 321.839996 ) (227.199997 -1236.319824 321.839996 ) (227.199997 -1235.143921 323.643158 ) (227.199997 -987.200073 323.643158 ) 
4 84 85 (232.080063 -992.068970 323.643158 ) (242.507996 -1002.500000 323.643158 ) (242.507996 -1002.500000 321.839996 ) (232.080063 -992.068970 321.839996 ) 
3 85 93 (242.507996 -1001.048584 321.839996 ) (242.507996 -1002.508057 321.839996 ) (232 -992 321.839996 ) 
4 86 87 (227.199997 -874.375000 323.643158 ) (142.125000 -874.375000 323.643158 ) (133.276443 -865.526428 323.643158 ) (227.199997 -865.526428 323.643158 ) 
4 88 114 (0 0 504 ) (0 0 321.839996 ) (0 -873.199829 321.839996 ) (0 -992 504 ) 
4 88 94 (0 -873.199890 321.839996 ) (0 0 321.839996 ) (113.191895 0 321.839996 ) (113.191895 -873.199890 321.839996 ) 
4 89 118 (0 -875.679993 321.839996 ) (0 -1236.319946 321.839996 ) (0 -1118.720093 502.160004 ) (0 -993.281372 502.160004 ) 
4 90 104 (247.212006 -3168 320 ) (247.212006 -1240 320 ) (1211.531982 -1240 320 ) (1211.531982 -3168 320 ) 
4 90 91 (247.212006 -1240 320 ) (247.212006 -3168 320 ) (247.212006 -3168 321.839996 ) (247.212006 -1238.800049 321.839996 ) 
4 91 104 (242.507996 -3168 320 ) (242.507996 -1240 320 ) (247.212006 -1240 320 ) (247.212006 -3168 320 ) 
4 91 103 (242.507996 -1232 320 ) (242.507996 -1001.048584 320 ) (247.212006 -1005.099243 320 ) (247.212006 -1232 320 ) 
4 91 93 (242.507996 -1001.048584 320 ) (242.507996 -1002.508057 320 ) (242.507996 -1002.508301 321.839996 ) (242.507996 -1001.048584 321.839996 ) 
4 91 92 (242.507996 -1002.508057 320 ) (242.507996 -3168 320 ) (242.507996 -3168 321.839996 ) (242.507996 -1002.508301 321.839996 ) 
4 92 104 (227.199997 -3168 320 ) (227.199997 -1240 320 ) (242.507996 -1240 320 ) (242.507996 -3168 320 ) 
4 92 103 (227.199997 -1232 320 ) (227.199997 -987.199951 320 ) (242.507996 -1002.508057 320 ) (242.507996 -1232 320 ) 
4 92 95 (227.199997 -1240 320 ) (227.199997 -3168 320 ) (227.199997 -3168 321.839996 ) (227.199997 -1238.800049 321.839996 ) 
4 92 93 (242.507996 -1002.506531 321.839996 ) (242.507996 -1002.506531 320 ) (232.022278 -992.019287 320 ) (232.022278 -992.019287 321.839996 ) 
3 93 103 (242.507996 -1001.048584 320 ) (242.507996 -1002.508057 320 ) (232 -992 320 ) 
4 94 114 (0 0 321.839996 ) (0 0 320 ) (0 -872 320 ) (0 -873.200012 321.839996 ) 
4 94 100 (0 -872 320 ) (0 0 320 ) (111.991898 0 320 ) (111.991890 -872 320 ) 
4 95 120 (0 -1240 320 ) (0 -3168 320 ) (0 -3168 321.839996 ) (0 -1238.800049 321.839996 ) 
4 95 104 (0 -3168 320 ) (0 -1240 320 ) (227.199997 -1240 320 ) (227.199997 -3168 320 ) 
4 96 105 (1872 0 160 ) (3096 0 160 ) (3096 -880 160 ) (1872 -880 160 ) 
4 96 101 (1872 -880 160 ) (3096 -880 160 ) (3096 -880 320 ) (1872 -880 320 ) 
4 97 98 (1528 -872 320 ) (1528 0 320 ) (1528 0 167.985962 ) (1528 -872 167.985962 ) 
4 97 99 (1528 -880 167.985962 ) (1528 -880 320 ) (1528 -872 320 ) (1528 -872 167.985962 ) 
4 98 99 (120 -872 320 ) (120 -872 168 ) (1528 -872 168 ) (1528 -872 320 ) 
4 99 106 (1528 -872 160 ) (1528 -880 160 ) (120 -880 160 ) (120 -872 160 ) 
4 99 103 (1520 -880 168 ) (1520 -880 320 ) (120 -880 320 ) (120 -880 168 ) 
4 100 122 (0 0 320 ) (0 0 160 ) (0 -872 160 ) (0 -872 320 ) 
4 100 107 (0 -872 160 ) (0 0 160 ) (112 0 160 ) (112 -872 160 ) 
4 101 109 (3096 -888 160 ) (3096 -1240 160 ) (1872 -1240 160 ) (1872 -888 160 ) 
4 101 108 (1872 -880 160 ) (3096 -880 160 ) (3096 -888 160 ) (1872 -888 160 ) 
4 101 104 (1872 -1240 160 ) (3096 -1240 160 ) (3096 -1240 320 ) (1872 -1240 320 ) 
4 101 102 (1872 -888 160 ) (1872 -1240 160 ) (1872 -1240 320 ) (1872 -888 320 ) 
4 102 109 (1872 -888 160 ) (1872 -1240 160 ) (1528 -1240 160 ) (1528 -888 160 ) 
4 102 104 (1528 -1240 160 ) (1872 -1240 160 ) (1872 -1240 320 ) (1528 -1240 320 ) 
4 103 124 (0 -1232 168 ) (0 -1232 320 ) (0 -880 320 ) (0 -880 168 ) 
4 104 126 (0 -1240 160 ) (0 -3168 160 ) (0 -3168 320 ) (0 -1240 320 ) 
4 104 112 (0 -3168 160 ) (0 -1240 160 ) (1520 -1240 160 ) (1520 -3168 160 ) 
4 104 110 (1520 -1240 160 ) (1528 -1240 160 ) (1528 -3168 160 ) (1520 -3168 160 ) 
4 104 109 (1528 -1240 160 ) (3096 -1240 160 ) (3096 -3168 160 ) (1528 -3168 160 ) 
4 105 108 (1872 -880 0 ) (3096 -880 0 ) (3096 -880 160 ) (1872 -880 160 ) 
4 106 111 (120 -880 0 ) (1520 -880 0 ) (1520 -880 160 ) (120 -880 160 ) 
4 107 128 (0 0 160 ) (0 0 0 ) (0 -872 0 ) (0 -872 160 ) 
4 108 109 (1872 -888 0 ) (3096 -888 0 ) (3096 -888 160 ) (1872 -888 160 ) 
4 109 110 (1528 -1240 0 ) (1528 -3168 0 ) (1528 -3168 160 ) (1528 -1240 160 ) 
4 110 112 (1520 -1240 0 ) (1520 -3168 0 ) (1520 -3168 160 ) (1520 -1240 160 ) 
4 111 129 (0 -880 0 ) (0 -1232 0 ) (0 -1232 160 ) (0 -880 160 ) 
4 112 130 (0 -1240 0 ) (0 -3168 0 ) (0 -3168 160 ) (0 -1240 160 ) 
4 113 117 (-119.146942 -1120 504 ) (-124.400017 -1120 504 ) (-124.400017 -1117.520020 504 ) (-119.146950 -1117.520020 504 ) 
4 113 116 (0 -3168 504 ) (-128 -3168 504 ) (-128 -1120 504 ) (0 -1120 504 ) 
4 113 115 (-128 -3168 504 ) (-2936 -3168 504 ) (-2936 -992 504 ) (-128 -992 504 ) 
4 113 114 (-2936 -992 504 ) (-2936 0 504 ) (0 0 504 ) (0 -992 504 ) 
4 114 123 (-2936 0 320 ) (-248 0 320 ) (-248 -872 320 ) (-2936 -872 320 ) 
4 114 122 (-248 0 320 ) (0 0 320 ) (0 -872 320 ) (-248 -872 320 ) 
4 114 115 (-2936 -992 504 ) (-2936 -872 320 ) (-248 -872 320 ) (-128 -992 504 ) 
4 115 127 (-248 -3168 320 ) (-2936 -3168 320 ) (-2936 -1232 320 ) (-248 -1232 320 ) 
4 115 125 (-2936 -1232 320 ) (-2936 -880 320 ) (-248 -880 320 ) (-248 -1232 320 ) 
4 115 123 (-2936 -880 320 ) (-2936 -872 320 ) (-248 -872 320 ) (-248 -880 320 ) 
4 115 121 (-246.784378 -1238.800049 321.839996 ) (-246.784378 -3168 321.839996 ) (-247.984375 -3168 320 ) (-247.984375 -1240 320 ) 
4 115 116 (-127.984375 -1120 504 ) (-127.984406 -3168 504 ) (-246.784378 -3168 321.839996 ) (-246.784378 -1238.800049 321.839996 ) 
4 116 121 (-243.199997 -3168 321.839996 ) (-246.843842 -3168 321.839996 ) (-246.843796 -1238.800049 321.839996 ) (-243.199982 -1238.800049 321.839996 ) 
4 116 120 (0 -3168 321.839996 ) (-243.199997 -3168 321.839996 ) (-243.199982 -1238.800049 321.839996 ) (0 -1238.800049 321.839996 ) 
3 116 119 (-243.199997 -1238.781250 321.839996 ) (-125.600014 -1121.181274 502.160004 ) (-120.400002 -1121.181274 502.160004 ) 
4 116 117 (-124.400024 -1119.981323 504 ) (-119.146919 -1119.981323 504 ) (-120.400002 -1121.181274 502.160004 ) (-125.600014 -1121.181274 502.160004 ) 
4 117 119 (-120.399986 -1121.218750 502.160004 ) (-125.599998 -1121.218750 502.160004 ) (-125.599998 -1118.719971 502.160004 ) (-120.399986 -1118.719971 502.160004 ) 
3 118 119 (-243.199982 -1236.299927 321.839996 ) (-120.399986 -1118.687500 502.160004 ) (-125.599998 -1118.687500 502.160004 ) 
4 120 126 (0 -1240 320 ) (0 -3168 320 ) (-244.399994 -3168 320 ) (-244.399994 -1240 320 ) 
4 120 121 (-243.187500 -3168 321.839996 ) (-243.187500 -1238.800049 321.839996 ) (-244.387497 -1240 320 ) (-244.387451 -3168 320 ) 
4 121 126 (-244.399994 -3168 320 ) (-248 -3168 320 ) (-248 -1240 320 ) (-244.399994 -1240 320 ) 
4 122 128 (-248 0 160 ) (0 0 160 ) (0 -872 160 ) (-248 -872 160 ) 
4 122 123 (-248 0 160 ) (-248 -872 160 ) (-248 -872 320 ) (-248 0 320 ) 
4 123 131 (-2936 0 160 ) (-248 0 160 ) (-248 -880 160 ) (-2936 -880 160 ) 
4 123 125 (-2936 -880 160 ) (-248 -880 160 ) (-248 -880 320 ) (-2936 -880 320 ) 
4 125 131 (-2936 -880 160 ) (-248 -880 160 ) (-248 -1232 160 ) (-2936 -1232 160 ) 
4 125 127 (-2936 -1232 160 ) (-248 -1232 160 ) (-248 -1232 320 ) (-2936 -1232 320 ) 
4 126 130 (0 -1240 160 ) (0 -3168 160 ) (-248 -3168 160 ) (-248 -1240 160 ) 
4 126 127 (-248 -1240 160 ) (-248 -3168 160 ) (-248 -3168 320 ) (-248 -1240 320 ) 
4 127 131 (-2936 -1232 160 ) (-248 -1232 160 ) (-248 -3168 160 ) (-2936 -3168 160 ) 
4 128 131 (-248 0 0 ) (-248 -872 0 ) (-248 -872 160 ) (-248 0 160 ) 
4 130 131 (-248 -1240 0 ) (-248 -3168 0 ) (-248 -3168 160 ) (-248 -1240 160 ) 
